Oct-02 15:02:49.640 [main] DEBUG nextflow.cli.Launcher - $> /nix/store/11f912fhifyy0rykb05b3jcpwgmmlvb2-nextflow-24.08.0-edge/bin/.nextflow-wrapped run main.nf
Oct-02 15:02:49.681 [main] DEBUG nextflow.cli.CmdRun - N E X T F L O W  ~  version 24.08.0-edge
Oct-02 15:02:49.753 [main] DEBUG nextflow.plugin.PluginsFacade - Setting up plugin manager > mode=prod; embedded=false; plugins-dir=/Users/martinp4/.nextflow/plugins; core-plugins: nf-amazon@2.8.0,nf-azure@1.9.0,nf-cloudcache@0.4.2,nf-codecommit@0.2.2,nf-console@1.1.4,nf-google@1.15.0,nf-tower@1.9.2,nf-wave@1.5.1
Oct-02 15:02:49.774 [main] INFO  o.pf4j.DefaultPluginStatusProvider - Enabled plugins: []
Oct-02 15:02:49.775 [main] INFO  o.pf4j.DefaultPluginStatusProvider - Disabled plugins: []
Oct-02 15:02:49.777 [main] INFO  org.pf4j.DefaultPluginManager - PF4J version 3.12.0 in 'deployment' mode
Oct-02 15:02:49.784 [main] INFO  org.pf4j.AbstractPluginManager - No plugins
Oct-02 15:02:49.797 [main] DEBUG nextflow.config.ConfigBuilder - Found config local: /Users/martinp4/Documents/Cedars/esgaliant/esgaliant-an/nextflow.config
Oct-02 15:02:49.799 [main] DEBUG nextflow.config.ConfigBuilder - Parsing config file: /Users/martinp4/Documents/Cedars/esgaliant/esgaliant-an/nextflow.config
Oct-02 15:02:49.817 [main] DEBUG n.secret.LocalSecretsProvider - Secrets store: /Users/martinp4/.nextflow/secrets/store.json
Oct-02 15:02:49.819 [main] DEBUG nextflow.secret.SecretsLoader - Discovered secrets providers: [nextflow.secret.LocalSecretsProvider@1c6e0a08] - activable => nextflow.secret.LocalSecretsProvider@1c6e0a08
Oct-02 15:02:49.823 [main] DEBUG nextflow.config.ConfigBuilder - Applying config profile: `standard`
Oct-02 15:02:50.099 [main] DEBUG nextflow.cli.CmdRun - Applied DSL=2 from script declaration
Oct-02 15:02:50.106 [main] DEBUG nextflow.cli.CmdRun - Launching `main.nf` [infallible_kalman] DSL2 - revision: 0bf181f8f9
Oct-02 15:02:50.106 [main] DEBUG nextflow.plugin.PluginsFacade - Plugins default=[]
Oct-02 15:02:50.107 [main] DEBUG nextflow.plugin.PluginsFacade - Plugins resolved requirement=[]
Oct-02 15:02:50.137 [main] DEBUG nextflow.Session - Session UUID: fce23c2c-4808-408f-a345-6d5c4583de77
Oct-02 15:02:50.137 [main] DEBUG nextflow.Session - Run name: infallible_kalman
Oct-02 15:02:50.137 [main] DEBUG nextflow.Session - Executor pool size: 10
Oct-02 15:02:50.142 [main] DEBUG nextflow.file.FilePorter - File porter settings maxRetries=3; maxTransfers=50; pollTimeout=null
Oct-02 15:02:50.145 [main] DEBUG nextflow.util.ThreadPoolBuilder - Creating thread pool 'FileTransfer' minSize=10; maxSize=30; workQueue=LinkedBlockingQueue[10000]; allowCoreThreadTimeout=false
Oct-02 15:02:50.537 [main] DEBUG nextflow.cli.CmdRun - 
  Version: 24.08.0-edge build 5922
  Created: 04-09-2024 14:48 UTC (07:48 PDT)
  System: Mac OS X 15.6.1
  Runtime: Groovy 4.0.22 on OpenJDK 64-Bit Server VM 21.0.8+9-LTS
  Encoding: UTF-8 (UTF-8)
  Process: 1779@awlpdc540pm [10.226.8.21]
  CPUs: 10 - Mem: 16 GB (133.2 MB) - Swap: 0 (0)
Oct-02 15:02:50.555 [main] DEBUG nextflow.Session - Work-dir: /Users/martinp4/Documents/Cedars/esgaliant/esgaliant-an/work [Mac OS X]
Oct-02 15:02:50.556 [main] DEBUG nextflow.Session - Script base path does not exist or is not a directory: /Users/martinp4/Documents/Cedars/esgaliant/esgaliant-an/bin
Oct-02 15:02:50.564 [main] DEBUG nextflow.executor.ExecutorFactory - Extension executors providers=[]
Oct-02 15:02:50.571 [main] DEBUG nextflow.Session - Observer factory: DefaultObserverFactory
Oct-02 15:02:50.586 [main] DEBUG nextflow.cache.CacheFactory - Using Nextflow cache factory: nextflow.cache.DefaultCacheFactory
Oct-02 15:02:50.593 [main] DEBUG nextflow.util.CustomThreadPool - Creating default thread pool > poolSize: 11; maxThreads: 1000
Oct-02 15:02:50.625 [main] DEBUG nextflow.Session - Session start
Oct-02 15:02:50.667 [main] DEBUG nextflow.script.ScriptRunner - > Launching execution
Oct-02 15:02:50.681 [main] INFO  nextflow.script.BaseScript - Hello World
Oct-02 15:02:50.683 [main] DEBUG nextflow.Session - Workflow process names [dsl2]: 
Oct-02 15:02:50.684 [main] DEBUG nextflow.Session - Igniting dataflow network (0)
Oct-02 15:02:50.684 [main] DEBUG nextflow.script.ScriptRunner - Parsed script files:
  Script_8e9f697133631a1b: /Users/martinp4/Documents/Cedars/esgaliant/esgaliant-an/main.nf
Oct-02 15:02:50.684 [main] DEBUG nextflow.script.ScriptRunner - > Awaiting termination 
Oct-02 15:02:50.684 [main] DEBUG nextflow.Session - Session await
Oct-02 15:02:50.684 [main] DEBUG nextflow.Session - Session await > all processes finished
Oct-02 15:02:50.684 [main] DEBUG nextflow.Session - Session await > all barriers passed
Oct-02 15:02:50.688 [main] DEBUG n.trace.WorkflowStatsObserver - Workflow completed > WorkflowStats[succeededCount=0; failedCount=0; ignoredCount=0; cachedCount=0; pendingCount=0; submittedCount=0; runningCount=0; retriesCount=0; abortedCount=0; succeedDuration=0ms; failedDuration=0ms; cachedDuration=0ms;loadCpus=0; loadMemory=0; peakRunning=0; peakCpus=0; peakMemory=0; ]
Oct-02 15:02:50.843 [main] DEBUG nextflow.cache.CacheDB - Closing CacheDB done
Oct-02 15:02:50.858 [main] DEBUG nextflow.util.ThreadPoolManager - Thread pool 'FileTransfer' shutdown completed (hard=false)
Oct-02 15:02:50.858 [main] DEBUG nextflow.script.ScriptRunner - > Execution complete -- Goodbye
